Performing C SOURCE FILE Test CMAKE_HAVE_LIBC_PTHREAD failed with the following output:
Change Dir: /home/rick/Desktop/Linux Overlay/CMakeFiles/CMakeTmp

Run Build Command(s):/usr/bin/make -f Makefile cmTC_0b3f7/fast && /usr/bin/make  -f CMakeFiles/cmTC_0b3f7.dir/build.make CMakeFiles/cmTC_0b3f7.dir/build
make[1]: Entering directory '/home/rick/Desktop/Linux Overlay/CMakeFiles/CMakeTmp'
Building C object CMakeFiles/cmTC_0b3f7.dir/src.c.o
/usr/bin/cc -DCMAKE_HAVE_LIBC_PTHREAD   -o CMakeFiles/cmTC_0b3f7.dir/src.c.o -c "/home/rick/Desktop/Linux Overlay/CMakeFiles/CMakeTmp/src.c"
Linking C executable cmTC_0b3f7
/usr/bin/cmake -E cmake_link_script CMakeFiles/cmTC_0b3f7.dir/link.txt --verbose=1
/usr/bin/cc CMakeFiles/cmTC_0b3f7.dir/src.c.o -o cmTC_0b3f7 
/usr/bin/ld: CMakeFiles/cmTC_0b3f7.dir/src.c.o: in function `main':
src.c:(.text+0x3e): undefined reference to `pthread_create'
/usr/bin/ld: src.c:(.text+0x4a): undefined reference to `pthread_detach'
/usr/bin/ld: src.c:(.text+0x56): undefined reference to `pthread_cancel'
/usr/bin/ld: src.c:(.text+0x67): undefined reference to `pthread_join'
collect2: error: ld returned 1 exit status
make[1]: *** [CMakeFiles/cmTC_0b3f7.dir/build.make:99: cmTC_0b3f7] Error 1
make[1]: Leaving directory '/home/rick/Desktop/Linux Overlay/CMakeFiles/CMakeTmp'
make: *** [Makefile:127: cmTC_0b3f7/fast] Error 2


Source file was:
#include <pthread.h>

static void* test_func(void* data)
{
  return data;
}

int main(void)
{
  pthread_t thread;
  pthread_create(&thread, NULL, test_func, NULL);
  pthread_detach(thread);
  pthread_cancel(thread);
  pthread_join(thread, NULL);
  pthread_atfork(NULL, NULL, NULL);
  pthread_exit(NULL);

  return 0;
}

Determining if the function pthread_create exists in the pthreads failed with the following output:
Change Dir: /home/rick/Desktop/Linux Overlay/CMakeFiles/CMakeTmp

Run Build Command(s):/usr/bin/make -f Makefile cmTC_96c6f/fast && /usr/bin/make  -f CMakeFiles/cmTC_96c6f.dir/build.make CMakeFiles/cmTC_96c6f.dir/build
make[1]: Entering directory '/home/rick/Desktop/Linux Overlay/CMakeFiles/CMakeTmp'
Building C object CMakeFiles/cmTC_96c6f.dir/CheckFunctionExists.c.o
/usr/bin/cc   -DCHECK_FUNCTION_EXISTS=pthread_create -o CMakeFiles/cmTC_96c6f.dir/CheckFunctionExists.c.o -c /usr/share/cmake-3.21/Modules/CheckFunctionExists.c
Linking C executable cmTC_96c6f
/usr/bin/cmake -E cmake_link_script CMakeFiles/cmTC_96c6f.dir/link.txt --verbose=1
/usr/bin/cc  -DCHECK_FUNCTION_EXISTS=pthread_create CMakeFiles/cmTC_96c6f.dir/CheckFunctionExists.c.o -o cmTC_96c6f  -lpthreads 
/usr/bin/ld: cannot find -lpthreads
collect2: error: ld returned 1 exit status
make[1]: *** [CMakeFiles/cmTC_96c6f.dir/build.make:99: cmTC_96c6f] Error 1
make[1]: Leaving directory '/home/rick/Desktop/Linux Overlay/CMakeFiles/CMakeTmp'
make: *** [Makefile:127: cmTC_96c6f/fast] Error 2



Performing C SOURCE FILE Test CMAKE_HAVE_LIBC_PTHREAD failed with the following output:
Change Dir: /home/rick/Desktop/Linux Apex Cheat/CMakeFiles/CMakeTmp

Run Build Command(s):/usr/bin/make -f Makefile cmTC_e030f/fast && /usr/bin/make  -f CMakeFiles/cmTC_e030f.dir/build.make CMakeFiles/cmTC_e030f.dir/build
make[1]: Entering directory '/home/rick/Desktop/Linux Apex Cheat/CMakeFiles/CMakeTmp'
Building C object CMakeFiles/cmTC_e030f.dir/src.c.o
/usr/bin/cc -DCMAKE_HAVE_LIBC_PTHREAD   -o CMakeFiles/cmTC_e030f.dir/src.c.o -c "/home/rick/Desktop/Linux Apex Cheat/CMakeFiles/CMakeTmp/src.c"
Linking C executable cmTC_e030f
/usr/bin/cmake -E cmake_link_script CMakeFiles/cmTC_e030f.dir/link.txt --verbose=1
/usr/bin/cc CMakeFiles/cmTC_e030f.dir/src.c.o -o cmTC_e030f 
/usr/bin/ld: CMakeFiles/cmTC_e030f.dir/src.c.o: in function `main':
src.c:(.text+0x3e): undefined reference to `pthread_create'
/usr/bin/ld: src.c:(.text+0x4a): undefined reference to `pthread_detach'
/usr/bin/ld: src.c:(.text+0x56): undefined reference to `pthread_cancel'
/usr/bin/ld: src.c:(.text+0x67): undefined reference to `pthread_join'
collect2: error: ld returned 1 exit status
make[1]: *** [CMakeFiles/cmTC_e030f.dir/build.make:99: cmTC_e030f] Error 1
make[1]: Leaving directory '/home/rick/Desktop/Linux Apex Cheat/CMakeFiles/CMakeTmp'
make: *** [Makefile:127: cmTC_e030f/fast] Error 2


Source file was:
#include <pthread.h>

static void* test_func(void* data)
{
  return data;
}

int main(void)
{
  pthread_t thread;
  pthread_create(&thread, NULL, test_func, NULL);
  pthread_detach(thread);
  pthread_cancel(thread);
  pthread_join(thread, NULL);
  pthread_atfork(NULL, NULL, NULL);
  pthread_exit(NULL);

  return 0;
}

Determining if the function pthread_create exists in the pthreads failed with the following output:
Change Dir: /home/rick/Desktop/Linux Apex Cheat/CMakeFiles/CMakeTmp

Run Build Command(s):/usr/bin/make -f Makefile cmTC_20073/fast && /usr/bin/make  -f CMakeFiles/cmTC_20073.dir/build.make CMakeFiles/cmTC_20073.dir/build
make[1]: Entering directory '/home/rick/Desktop/Linux Apex Cheat/CMakeFiles/CMakeTmp'
Building C object CMakeFiles/cmTC_20073.dir/CheckFunctionExists.c.o
/usr/bin/cc   -DCHECK_FUNCTION_EXISTS=pthread_create -o CMakeFiles/cmTC_20073.dir/CheckFunctionExists.c.o -c /usr/share/cmake-3.22/Modules/CheckFunctionExists.c
Linking C executable cmTC_20073
/usr/bin/cmake -E cmake_link_script CMakeFiles/cmTC_20073.dir/link.txt --verbose=1
/usr/bin/cc  -DCHECK_FUNCTION_EXISTS=pthread_create CMakeFiles/cmTC_20073.dir/CheckFunctionExists.c.o -o cmTC_20073  -lpthreads 
/usr/bin/ld: cannot find -lpthreads
collect2: error: ld returned 1 exit status
make[1]: *** [CMakeFiles/cmTC_20073.dir/build.make:99: cmTC_20073] Error 1
make[1]: Leaving directory '/home/rick/Desktop/Linux Apex Cheat/CMakeFiles/CMakeTmp'
make: *** [Makefile:127: cmTC_20073/fast] Error 2



