Performing C SOURCE FILE Test CMAKE_HAVE_LIBC_PTHREAD failed with the following output:
Change Dir: /home/rick/Desktop/Linux Overlay/build/CMakeFiles/CMakeTmp

Run Build Command(s):/usr/bin/make -f Makefile cmTC_f04c4/fast && /usr/bin/make  -f CMakeFiles/cmTC_f04c4.dir/build.make CMakeFiles/cmTC_f04c4.dir/build
make[1]: Entering directory '/home/rick/Desktop/Linux Overlay/build/CMakeFiles/CMakeTmp'
Building C object CMakeFiles/cmTC_f04c4.dir/src.c.o
/usr/bin/x86_64-pc-linux-gnu-gcc-11.1.0 -DCMAKE_HAVE_LIBC_PTHREAD   -o CMakeFiles/cmTC_f04c4.dir/src.c.o -c "/home/rick/Desktop/Linux Overlay/build/CMakeFiles/CMakeTmp/src.c"
Linking C executable cmTC_f04c4
/usr/bin/cmake -E cmake_link_script CMakeFiles/cmTC_f04c4.dir/link.txt --verbose=1
/usr/bin/x86_64-pc-linux-gnu-gcc-11.1.0 CMakeFiles/cmTC_f04c4.dir/src.c.o -o cmTC_f04c4 
/usr/bin/ld: CMakeFiles/cmTC_f04c4.dir/src.c.o: in function `main':
src.c:(.text+0x3e): undefined reference to `pthread_create'
/usr/bin/ld: src.c:(.text+0x4a): undefined reference to `pthread_detach'
/usr/bin/ld: src.c:(.text+0x56): undefined reference to `pthread_cancel'
/usr/bin/ld: src.c:(.text+0x67): undefined reference to `pthread_join'
collect2: error: ld returned 1 exit status
make[1]: *** [CMakeFiles/cmTC_f04c4.dir/build.make:99: cmTC_f04c4] Error 1
make[1]: Leaving directory '/home/rick/Desktop/Linux Overlay/build/CMakeFiles/CMakeTmp'
make: *** [Makefile:127: cmTC_f04c4/fast] Error 2


Source file was:
#include <pthread.h>

static void* test_func(void* data)
{
  return data;
}

int main(void)
{
  pthread_t thread;
  pthread_create(&thread, NULL, test_func, NULL);
  pthread_detach(thread);
  pthread_cancel(thread);
  pthread_join(thread, NULL);
  pthread_atfork(NULL, NULL, NULL);
  pthread_exit(NULL);

  return 0;
}

Determining if the function pthread_create exists in the pthreads failed with the following output:
Change Dir: /home/rick/Desktop/Linux Overlay/build/CMakeFiles/CMakeTmp

Run Build Command(s):/usr/bin/make -f Makefile cmTC_61580/fast && /usr/bin/make  -f CMakeFiles/cmTC_61580.dir/build.make CMakeFiles/cmTC_61580.dir/build
make[1]: Entering directory '/home/rick/Desktop/Linux Overlay/build/CMakeFiles/CMakeTmp'
Building C object CMakeFiles/cmTC_61580.dir/CheckFunctionExists.c.o
/usr/bin/x86_64-pc-linux-gnu-gcc-11.1.0   -DCHECK_FUNCTION_EXISTS=pthread_create -o CMakeFiles/cmTC_61580.dir/CheckFunctionExists.c.o -c /usr/share/cmake-3.21/Modules/CheckFunctionExists.c
Linking C executable cmTC_61580
/usr/bin/cmake -E cmake_link_script CMakeFiles/cmTC_61580.dir/link.txt --verbose=1
/usr/bin/x86_64-pc-linux-gnu-gcc-11.1.0  -DCHECK_FUNCTION_EXISTS=pthread_create CMakeFiles/cmTC_61580.dir/CheckFunctionExists.c.o -o cmTC_61580  -lpthreads 
/usr/bin/ld: cannot find -lpthreads
collect2: error: ld returned 1 exit status
make[1]: *** [CMakeFiles/cmTC_61580.dir/build.make:99: cmTC_61580] Error 1
make[1]: Leaving directory '/home/rick/Desktop/Linux Overlay/build/CMakeFiles/CMakeTmp'
make: *** [Makefile:127: cmTC_61580/fast] Error 2



